[debug] [2020-10-26T01:03:48.685Z] ----------------------------------------------------------------------
[debug] [2020-10-26T01:03:48.686Z] Command:       /home/guan/.nvm/versions/node/v10.22.1/bin/node /usr/bin/firebase deploy --only functions
[debug] [2020-10-26T01:03:48.687Z] CLI Version:   8.11.2
[debug] [2020-10-26T01:03:48.687Z] Platform:      linux
[debug] [2020-10-26T01:03:48.687Z] Node Version:  v10.22.1
[debug] [2020-10-26T01:03:48.687Z] Time:          Sun Oct 25 2020 21:03:48 GMT-0400 (Eastern Daylight Time)
[debug] [2020-10-26T01:03:48.687Z] ----------------------------------------------------------------------
[debug] [2020-10-26T01:03:48.687Z] 
[debug] [2020-10-26T01:03:48.691Z] > command requires scopes: ["email","openid","https://www.googleapis.com/auth/cloudplatformprojects.readonly","https://www.googleapis.com/auth/firebase","https://www.googleapis.com/auth/cloud-platform"]
[debug] [2020-10-26T01:03:48.691Z] > authorizing via signed-in user
[debug] [2020-10-26T01:03:48.691Z] [iam] checking project qmi-test for permissions ["cloudfunctions.functions.create","cloudfunctions.functions.delete","cloudfunctions.functions.get","cloudfunctions.functions.list","cloudfunctions.functions.update","cloudfunctions.operations.get","firebase.projects.get"]
[debug] [2020-10-26T01:03:48.693Z] >>> HTTP REQUEST POST https://cloudresourcemanager.googleapis.com/v1/projects/qmi-test:testIamPermissions  
 {"permissions":["cloudfunctions.functions.create","cloudfunctions.functions.delete","cloudfunctions.functions.get","cloudfunctions.functions.list","cloudfunctions.functions.update","cloudfunctions.operations.get","firebase.projects.get"]}
[debug] [2020-10-26T01:03:48.914Z] <<< HTTP RESPONSE 200 {"content-type":"application/json; charset=UTF-8","vary":"X-Origin, Referer, Origin,Accept-Encoding","date":"Mon, 26 Oct 2020 01:03:48 GMT","server":"ESF","cache-control":"private","x-xss-protection":"0","x-frame-options":"SAMEORIGIN","x-content-type-options":"nosniff","server-timing":"gfet4t7; dur=41","alt-svc":"h3-Q050=\":443\"; ma=2592000,h3-29=\":443\"; ma=2592000,h3-T051=\":443\"; ma=2592000,h3-T050=\":443\"; ma=2592000,h3-Q046=\":443\"; ma=2592000,h3-Q043=\":443\"; ma=2592000,quic=\":443\"; ma=2592000; v=\"46,43\"","accept-ranges":"none","transfer-encoding":"chunked"}
[debug] [2020-10-26T01:03:48.915Z] >>> HTTP REQUEST POST https://iam.googleapis.com/v1/projects/qmi-test/serviceAccounts/qmi-test@appspot.gserviceaccount.com:testIamPermissions  
 {"permissions":["iam.serviceAccounts.actAs"]}
[debug] [2020-10-26T01:03:49.117Z] <<< HTTP RESPONSE 200 {"content-type":"application/json; charset=UTF-8","vary":"X-Origin, Referer, Origin,Accept-Encoding","date":"Mon, 26 Oct 2020 01:03:49 GMT","server":"ESF","cache-control":"private","x-xss-protection":"0","x-frame-options":"SAMEORIGIN","x-content-type-options":"nosniff","alt-svc":"h3-Q050=\":443\"; ma=2592000,h3-29=\":443\"; ma=2592000,h3-T051=\":443\"; ma=2592000,h3-T050=\":443\"; ma=2592000,h3-Q046=\":443\"; ma=2592000,h3-Q043=\":443\"; ma=2592000,quic=\":443\"; ma=2592000; v=\"46,43\"","accept-ranges":"none","transfer-encoding":"chunked"}
[info] 
[info] === Deploying to 'qmi-test'...
[info] 
[info] i  deploying functions 
[info] Running command: yarn --cwd "$RESOURCE_DIR" lint
[info] Running command: yarn --cwd "$RESOURCE_DIR" build
[info] ✔  functions: Finished running predeploy script. 
[debug] [2020-10-26T01:03:52.878Z] > [functions] package.json contents: {
  "name": "functions",
  "scripts": {
    "lint": "eslint 'src/**/*'",
    "build": "tsc",
    "serve": "npm run build && firebase emulators:start --only functions",
    "shell": "npm run build && firebase functions:shell",
    "start": "npm run shell",
    "deploy": "firebase deploy --only functions",
    "logs": "firebase functions:log"
  },
  "engines": {
    "node": "10"
  },
  "main": "lib/index.js",
  "dependencies": {
    "firebase-admin": "^8.10.0",
    "firebase-functions": "^3.6.1"
  },
  "devDependencies": {
    "@typescript-eslint/eslint-plugin": "^3.9.1",
    "@typescript-eslint/parser": "^3.8.0",
    "eslint": "^7.6.0",
    "eslint-plugin-import": "^2.22.0",
    "typescript": "^3.8.0",
    "firebase-functions-test": "^0.2.0"
  },
  "private": true
}
[info] i  functions: ensuring required API cloudfunctions.googleapis.com is enabled... 
[info] i  functions: ensuring required API cloudbuild.googleapis.com is enabled... 
[debug] [2020-10-26T01:03:53.559Z] >>> HTTP REQUEST GET https://serviceusage.googleapis.com/v1/projects/qmi-test/services/cloudfunctions.googleapis.com  
 
[debug] [2020-10-26T01:03:53.560Z] >>> HTTP REQUEST GET https://serviceusage.googleapis.com/v1/projects/qmi-test/services/runtimeconfig.googleapis.com  
 
[debug] [2020-10-26T01:03:53.560Z] >>> HTTP REQUEST GET https://serviceusage.googleapis.com/v1/projects/qmi-test/services/cloudbuild.googleapis.com  
 
[debug] [2020-10-26T01:03:53.909Z] <<< HTTP RESPONSE 200 {"content-type":"application/json; charset=UTF-8","vary":"X-Origin, Referer, Origin,Accept-Encoding","date":"Mon, 26 Oct 2020 01:03:53 GMT","server":"ESF","cache-control":"private","x-xss-protection":"0","x-frame-options":"SAMEORIGIN","x-content-type-options":"nosniff","alt-svc":"h3-Q050=\":443\"; ma=2592000,h3-29=\":443\"; ma=2592000,h3-T051=\":443\"; ma=2592000,h3-T050=\":443\"; ma=2592000,h3-Q046=\":443\"; ma=2592000,h3-Q043=\":443\"; ma=2592000,quic=\":443\"; ma=2592000; v=\"46,43\"","accept-ranges":"none","transfer-encoding":"chunked"}
[debug] [2020-10-26T01:03:53.983Z] <<< HTTP RESPONSE 200 {"content-type":"application/json; charset=UTF-8","vary":"X-Origin, Referer, Origin,Accept-Encoding","date":"Mon, 26 Oct 2020 01:03:53 GMT","server":"ESF","cache-control":"private","x-xss-protection":"0","x-frame-options":"SAMEORIGIN","x-content-type-options":"nosniff","alt-svc":"h3-Q050=\":443\"; ma=2592000,h3-29=\":443\"; ma=2592000,h3-T051=\":443\"; ma=2592000,h3-T050=\":443\"; ma=2592000,h3-Q046=\":443\"; ma=2592000,h3-Q043=\":443\"; ma=2592000,quic=\":443\"; ma=2592000; v=\"46,43\"","accept-ranges":"none","transfer-encoding":"chunked"}
[info] ✔  functions: required API cloudfunctions.googleapis.com is enabled 
[debug] [2020-10-26T01:03:54.119Z] <<< HTTP RESPONSE 200 {"content-type":"application/json; charset=UTF-8","vary":"X-Origin, Referer, Origin,Accept-Encoding","date":"Mon, 26 Oct 2020 01:03:54 GMT","server":"ESF","cache-control":"private","x-xss-protection":"0","x-frame-options":"SAMEORIGIN","x-content-type-options":"nosniff","alt-svc":"h3-Q050=\":443\"; ma=2592000,h3-29=\":443\"; ma=2592000,h3-T051=\":443\"; ma=2592000,h3-T050=\":443\"; ma=2592000,h3-Q046=\":443\"; ma=2592000,h3-Q043=\":443\"; ma=2592000,quic=\":443\"; ma=2592000; v=\"46,43\"","accept-ranges":"none","transfer-encoding":"chunked"}
[info] ✔  functions: required API cloudbuild.googleapis.com is enabled 
[debug] [2020-10-26T01:03:54.120Z] >>> HTTP REQUEST GET https://firebase.googleapis.com/v1beta1/projects/qmi-test/adminSdkConfig  
 
[debug] [2020-10-26T01:03:54.635Z] <<< HTTP RESPONSE 200 {"content-type":"application/json; charset=UTF-8","vary":"X-Origin, Referer, Origin,Accept-Encoding","date":"Mon, 26 Oct 2020 01:03:54 GMT","server":"ESF","cache-control":"private","x-xss-protection":"0","x-frame-options":"SAMEORIGIN","x-content-type-options":"nosniff","alt-svc":"h3-Q050=\":443\"; ma=2592000,h3-29=\":443\"; ma=2592000,h3-T051=\":443\"; ma=2592000,h3-T050=\":443\"; ma=2592000,h3-Q046=\":443\"; ma=2592000,h3-Q043=\":443\"; ma=2592000,quic=\":443\"; ma=2592000; v=\"46,43\"","accept-ranges":"none","transfer-encoding":"chunked"}
[info] i  functions: preparing functions directory for uploading... 
[debug] [2020-10-26T01:03:54.637Z] >>> HTTP REQUEST GET https://runtimeconfig.googleapis.com/v1beta1/projects/qmi-test/configs  
 
[debug] [2020-10-26T01:03:54.942Z] <<< HTTP RESPONSE 200 {"content-type":"application/json; charset=UTF-8","vary":"X-Origin, Referer, Origin,Accept-Encoding","date":"Mon, 26 Oct 2020 01:03:54 GMT","server":"ESF","cache-control":"private","x-xss-protection":"0","x-frame-options":"SAMEORIGIN","x-content-type-options":"nosniff","alt-svc":"h3-Q050=\":443\"; ma=2592000,h3-29=\":443\"; ma=2592000,h3-T051=\":443\"; ma=2592000,h3-T050=\":443\"; ma=2592000,h3-Q046=\":443\"; ma=2592000,h3-Q043=\":443\"; ma=2592000,quic=\":443\"; ma=2592000; v=\"46,43\"","accept-ranges":"none","transfer-encoding":"chunked"}
[info] i  functions: packaged functions (60.12 KB) for uploading 
[debug] [2020-10-26T01:03:55.156Z] >>> HTTP REQUEST GET https://cloudfunctions.googleapis.com/v1/projects/qmi-test/locations/-/functions  
 
[debug] [2020-10-26T01:03:55.769Z] <<< HTTP RESPONSE 200 {"content-type":"application/json; charset=UTF-8","vary":"X-Origin, Referer, Origin,Accept-Encoding","date":"Mon, 26 Oct 2020 01:03:55 GMT","server":"ESF","cache-control":"private","x-xss-protection":"0","x-frame-options":"SAMEORIGIN","x-content-type-options":"nosniff","alt-svc":"h3-Q050=\":443\"; ma=2592000,h3-29=\":443\"; ma=2592000,h3-T051=\":443\"; ma=2592000,h3-T050=\":443\"; ma=2592000,h3-Q046=\":443\"; ma=2592000,h3-Q043=\":443\"; ma=2592000,quic=\":443\"; ma=2592000; v=\"46,43\"","accept-ranges":"none","transfer-encoding":"chunked"}
[debug] [2020-10-26T01:03:55.772Z] >>> HTTP REQUEST POST https://cloudfunctions.googleapis.com/v1/projects/qmi-test/locations/us-central1/functions:generateUploadUrl  
 
[debug] [2020-10-26T01:03:56.683Z] <<< HTTP RESPONSE 200 {"content-type":"application/json; charset=UTF-8","vary":"X-Origin, Referer, Origin,Accept-Encoding","date":"Mon, 26 Oct 2020 01:03:56 GMT","server":"ESF","cache-control":"private","x-xss-protection":"0","x-frame-options":"SAMEORIGIN","x-content-type-options":"nosniff","alt-svc":"h3-Q050=\":443\"; ma=2592000,h3-29=\":443\"; ma=2592000,h3-T051=\":443\"; ma=2592000,h3-T050=\":443\"; ma=2592000,h3-Q046=\":443\"; ma=2592000,h3-Q043=\":443\"; ma=2592000,quic=\":443\"; ma=2592000; v=\"46,43\"","accept-ranges":"none","transfer-encoding":"chunked"}
[debug] [2020-10-26T01:03:56.684Z] >>> HTTP REQUEST PUT https://storage.googleapis.com/gcf-upload-us-central1-fda53e5d-d006-4349-9933-26ef217a4e02/7bded823-813f-4e06-b14f-86c46223f4ad.zip?GoogleAccessId=service-349252319671@gcf-admin-robot.iam.gserviceaccount.com&Expires=1603676036&Signature=Y3lNHDQWcY3wP8M3wHhYB1YFsVVuuk9qeXHLscLceywM2%2F%2FIjqeD5fEqcGniD%2FzBh62ESEVJ7H%2FX1xgI2%2BKQ3PZ0ld41xTpieGAzSVAj8HxUrowvy0SBslKzjo8C7%2BJPwqhS4Kx42K8Dj8vPDN13WoFYWzYmObwqf38oDmztR16krgoxAL0B4b%2F8qy8CiVC06PEUFC5kbot1MnZbM797nXlbzhv8G%2Bhzug0aQcmHv3jTuU5RWxom4TLvJLLlu04Pmh%2B%2B5BxTOf5bf%2BDSQgusCokaorlugMXGE8g4y6xQizvKZUpqOLHJCd%2BbcwiO9OqMrU8eIIdMavjIPS1AfRY%2B3g%3D%3D  
 <request body omitted>
[debug] [2020-10-26T01:03:57.092Z] <<< HTTP RESPONSE 200 {"x-guploader-uploadid":"ABg5-Uxkmo1_-lQOjdhGQgEOdXPAv9lN95rQyEZ44DgmB1DrGx68jAmaw6ZqHcDrsh_WmrUP76iZ2WVCtnqiGSfeyik","etag":"\"80485ddb203eca35d969c0ba960f3ee7\"","x-goog-generation":"1603674236914558","x-goog-metageneration":"1","x-goog-hash":"crc32c=jD5qIw==, md5=gEhd2yA+yjXZacC6lg8+5w==","x-goog-stored-content-length":"61563","x-goog-stored-content-encoding":"identity","vary":"Origin","content-length":"0","date":"Mon, 26 Oct 2020 01:03:56 GMT","server":"UploadServer","content-type":"text/html; charset=UTF-8","alt-svc":"h3-Q050=\":443\"; ma=2592000,h3-29=\":443\"; ma=2592000,h3-T051=\":443\"; ma=2592000,h3-T050=\":443\"; ma=2592000,h3-Q046=\":443\"; ma=2592000,h3-Q043=\":443\"; ma=2592000,quic=\":443\"; ma=2592000; v=\"46,43\""}
[info] ✔  functions: functions folder uploaded successfully 
[info] i  functions: updating Node.js 10 function onQuestionCreate(us-central1)... 
[debug] [2020-10-26T01:03:57.095Z] Trigger is:  {"eventTrigger":{"resource":"projects/qmi-test/databases/(default)/documents/questions/{questionId}","eventType":"providers/cloud.firestore/eventTypes/document.create","service":"firestore.googleapis.com"}}
[info] i  functions: updating Node.js 10 function onQuestionUpdate(us-central1)... 
[debug] [2020-10-26T01:03:57.096Z] Trigger is:  {"eventTrigger":{"resource":"projects/qmi-test/databases/(default)/documents/questions/{questionId}","eventType":"providers/cloud.firestore/eventTypes/document.update","service":"firestore.googleapis.com"}}
[debug] [2020-10-26T01:03:57.098Z] >>> HTTP REQUEST PATCH https://cloudfunctions.googleapis.com/v1/projects/qmi-test/locations/us-central1/functions/onQuestionCreate {"updateMask":"sourceUploadUrl,name,labels,runtime,environmentVariables,eventTrigger.resource,eventTrigger.eventType,eventTrigger.service,eventTrigger.failurePolicy"} 
 {"sourceUploadUrl":"https://storage.googleapis.com/gcf-upload-us-central1-fda53e5d-d006-4349-9933-26ef217a4e02/7bded823-813f-4e06-b14f-86c46223f4ad.zip?GoogleAccessId=service-349252319671@gcf-admin-robot.iam.gserviceaccount.com&Expires=1603676036&Signature=Y3lNHDQWcY3wP8M3wHhYB1YFsVVuuk9qeXHLscLceywM2%2F%2FIjqeD5fEqcGniD%2FzBh62ESEVJ7H%2FX1xgI2%2BKQ3PZ0ld41xTpieGAzSVAj8HxUrowvy0SBslKzjo8C7%2BJPwqhS4Kx42K8Dj8vPDN13WoFYWzYmObwqf38oDmztR16krgoxAL0B4b%2F8qy8CiVC06PEUFC5kbot1MnZbM797nXlbzhv8G%2Bhzug0aQcmHv3jTuU5RWxom4TLvJLLlu04Pmh%2B%2B5BxTOf5bf%2BDSQgusCokaorlugMXGE8g4y6xQizvKZUpqOLHJCd%2BbcwiO9OqMrU8eIIdMavjIPS1AfRY%2B3g%3D%3D","name":"projects/qmi-test/locations/us-central1/functions/onQuestionCreate","labels":{"deployment-tool":"cli-firebase"},"eventTrigger":{"resource":"projects/qmi-test/databases/(default)/documents/questions/{questionId}","eventType":"providers/cloud.firestore/eventTypes/document.create","service":"firestore.googleapis.com"},"runtime":"nodejs10","environmentVariables":{"FIREBASE_CONFIG":"{\"projectId\":\"qmi-test\",\"databaseURL\":\"https://qmi-test.firebaseio.com\",\"storageBucket\":\"qmi-test.appspot.com\",\"locationId\":\"us-central\"}"}}
[debug] [2020-10-26T01:03:57.100Z] >>> HTTP REQUEST PATCH https://cloudfunctions.googleapis.com/v1/projects/qmi-test/locations/us-central1/functions/onQuestionUpdate {"updateMask":"sourceUploadUrl,name,labels,runtime,environmentVariables,eventTrigger.resource,eventTrigger.eventType,eventTrigger.service,eventTrigger.failurePolicy"} 
 {"sourceUploadUrl":"https://storage.googleapis.com/gcf-upload-us-central1-fda53e5d-d006-4349-9933-26ef217a4e02/7bded823-813f-4e06-b14f-86c46223f4ad.zip?GoogleAccessId=service-349252319671@gcf-admin-robot.iam.gserviceaccount.com&Expires=1603676036&Signature=Y3lNHDQWcY3wP8M3wHhYB1YFsVVuuk9qeXHLscLceywM2%2F%2FIjqeD5fEqcGniD%2FzBh62ESEVJ7H%2FX1xgI2%2BKQ3PZ0ld41xTpieGAzSVAj8HxUrowvy0SBslKzjo8C7%2BJPwqhS4Kx42K8Dj8vPDN13WoFYWzYmObwqf38oDmztR16krgoxAL0B4b%2F8qy8CiVC06PEUFC5kbot1MnZbM797nXlbzhv8G%2Bhzug0aQcmHv3jTuU5RWxom4TLvJLLlu04Pmh%2B%2B5BxTOf5bf%2BDSQgusCokaorlugMXGE8g4y6xQizvKZUpqOLHJCd%2BbcwiO9OqMrU8eIIdMavjIPS1AfRY%2B3g%3D%3D","name":"projects/qmi-test/locations/us-central1/functions/onQuestionUpdate","labels":{"deployment-tool":"cli-firebase"},"eventTrigger":{"resource":"projects/qmi-test/databases/(default)/documents/questions/{questionId}","eventType":"providers/cloud.firestore/eventTypes/document.update","service":"firestore.googleapis.com"},"runtime":"nodejs10","environmentVariables":{"FIREBASE_CONFIG":"{\"projectId\":\"qmi-test\",\"databaseURL\":\"https://qmi-test.firebaseio.com\",\"storageBucket\":\"qmi-test.appspot.com\",\"locationId\":\"us-central\"}"}}
[debug] [2020-10-26T01:03:57.811Z] <<< HTTP RESPONSE 200 {"content-type":"application/json; charset=UTF-8","vary":"X-Origin, Referer, Origin,Accept-Encoding","date":"Mon, 26 Oct 2020 01:03:57 GMT","server":"ESF","cache-control":"private","x-xss-protection":"0","x-frame-options":"SAMEORIGIN","x-content-type-options":"nosniff","alt-svc":"h3-Q050=\":443\"; ma=2592000,h3-29=\":443\"; ma=2592000,h3-T051=\":443\"; ma=2592000,h3-T050=\":443\"; ma=2592000,h3-Q046=\":443\"; ma=2592000,h3-Q043=\":443\"; ma=2592000,quic=\":443\"; ma=2592000; v=\"46,43\"","accept-ranges":"none","transfer-encoding":"chunked"}
[debug] [2020-10-26T01:03:57.812Z] <<< HTTP RESPONSE 200 {"content-type":"application/json; charset=UTF-8","vary":"X-Origin, Referer, Origin,Accept-Encoding","date":"Mon, 26 Oct 2020 01:03:57 GMT","server":"ESF","cache-control":"private","x-xss-protection":"0","x-frame-options":"SAMEORIGIN","x-content-type-options":"nosniff","alt-svc":"h3-Q050=\":443\"; ma=2592000,h3-29=\":443\"; ma=2592000,h3-T051=\":443\"; ma=2592000,h3-T050=\":443\"; ma=2592000,h3-Q046=\":443\"; ma=2592000,h3-Q043=\":443\"; ma=2592000,quic=\":443\"; ma=2592000; v=\"46,43\"","accept-ranges":"none","transfer-encoding":"chunked"}
[debug] [2020-10-26T01:03:57.813Z] >>> HTTP REQUEST GET https://cloudfunctions.googleapis.com/v1/operations/cW1pLXRlc3QvdXMtY2VudHJhbDEvb25RdWVzdGlvbkNyZWF0ZS9TNTlleGt0Sl8xcw  
 
[debug] [2020-10-26T01:03:57.814Z] >>> HTTP REQUEST GET https://cloudfunctions.googleapis.com/v1/operations/cW1pLXRlc3QvdXMtY2VudHJhbDEvb25RdWVzdGlvblVwZGF0ZS9RS2wxbUJDZlZpOA  
 
[debug] [2020-10-26T01:03:58.036Z] <<< HTTP RESPONSE 200 {"content-type":"application/json; charset=UTF-8","vary":"X-Origin, Referer, Origin,Accept-Encoding","date":"Mon, 26 Oct 2020 01:03:57 GMT","server":"ESF","cache-control":"private","x-xss-protection":"0","x-frame-options":"SAMEORIGIN","x-content-type-options":"nosniff","alt-svc":"h3-Q050=\":443\"; ma=2592000,h3-29=\":443\"; ma=2592000,h3-T051=\":443\"; ma=2592000,h3-T050=\":443\"; ma=2592000,h3-Q046=\":443\"; ma=2592000,h3-Q043=\":443\"; ma=2592000,quic=\":443\"; ma=2592000; v=\"46,43\"","accept-ranges":"none","transfer-encoding":"chunked"}
[debug] [2020-10-26T01:03:58.101Z] <<< HTTP RESPONSE 200 {"content-type":"application/json; charset=UTF-8","vary":"X-Origin, Referer, Origin,Accept-Encoding","date":"Mon, 26 Oct 2020 01:03:58 GMT","server":"ESF","cache-control":"private","x-xss-protection":"0","x-frame-options":"SAMEORIGIN","x-content-type-options":"nosniff","alt-svc":"h3-Q050=\":443\"; ma=2592000,h3-29=\":443\"; ma=2592000,h3-T051=\":443\"; ma=2592000,h3-T050=\":443\"; ma=2592000,h3-Q046=\":443\"; ma=2592000,h3-Q043=\":443\"; ma=2592000,quic=\":443\"; ma=2592000; v=\"46,43\"","accept-ranges":"none","transfer-encoding":"chunked"}
[debug] [2020-10-26T01:04:00.039Z] >>> HTTP REQUEST GET https://cloudfunctions.googleapis.com/v1/operations/cW1pLXRlc3QvdXMtY2VudHJhbDEvb25RdWVzdGlvblVwZGF0ZS9RS2wxbUJDZlZpOA  
 
[debug] [2020-10-26T01:04:00.102Z] >>> HTTP REQUEST GET https://cloudfunctions.googleapis.com/v1/operations/cW1pLXRlc3QvdXMtY2VudHJhbDEvb25RdWVzdGlvbkNyZWF0ZS9TNTlleGt0Sl8xcw  
 
[debug] [2020-10-26T01:04:00.253Z] <<< HTTP RESPONSE 200 {"content-type":"application/json; charset=UTF-8","vary":"X-Origin, Referer, Origin,Accept-Encoding","date":"Mon, 26 Oct 2020 01:04:00 GMT","server":"ESF","cache-control":"private","x-xss-protection":"0","x-frame-options":"SAMEORIGIN","x-content-type-options":"nosniff","alt-svc":"h3-Q050=\":443\"; ma=2592000,h3-29=\":443\"; ma=2592000,h3-T051=\":443\"; ma=2592000,h3-T050=\":443\"; ma=2592000,h3-Q046=\":443\"; ma=2592000,h3-Q043=\":443\"; ma=2592000,quic=\":443\"; ma=2592000; v=\"46,43\"","accept-ranges":"none","transfer-encoding":"chunked"}
[debug] [2020-10-26T01:04:00.323Z] <<< HTTP RESPONSE 200 {"content-type":"application/json; charset=UTF-8","vary":"X-Origin, Referer, Origin,Accept-Encoding","date":"Mon, 26 Oct 2020 01:04:00 GMT","server":"ESF","cache-control":"private","x-xss-protection":"0","x-frame-options":"SAMEORIGIN","x-content-type-options":"nosniff","alt-svc":"h3-Q050=\":443\"; ma=2592000,h3-29=\":443\"; ma=2592000,h3-T051=\":443\"; ma=2592000,h3-T050=\":443\"; ma=2592000,h3-Q046=\":443\"; ma=2592000,h3-Q043=\":443\"; ma=2592000,quic=\":443\"; ma=2592000; v=\"46,43\"","accept-ranges":"none","transfer-encoding":"chunked"}
[debug] [2020-10-26T01:04:02.256Z] >>> HTTP REQUEST GET https://cloudfunctions.googleapis.com/v1/operations/cW1pLXRlc3QvdXMtY2VudHJhbDEvb25RdWVzdGlvblVwZGF0ZS9RS2wxbUJDZlZpOA  
 
[debug] [2020-10-26T01:04:02.324Z] >>> HTTP REQUEST GET https://cloudfunctions.googleapis.com/v1/operations/cW1pLXRlc3QvdXMtY2VudHJhbDEvb25RdWVzdGlvbkNyZWF0ZS9TNTlleGt0Sl8xcw  
 
[debug] [2020-10-26T01:04:02.468Z] <<< HTTP RESPONSE 200 {"content-type":"application/json; charset=UTF-8","vary":"X-Origin, Referer, Origin,Accept-Encoding","date":"Mon, 26 Oct 2020 01:04:02 GMT","server":"ESF","cache-control":"private","x-xss-protection":"0","x-frame-options":"SAMEORIGIN","x-content-type-options":"nosniff","alt-svc":"h3-Q050=\":443\"; ma=2592000,h3-29=\":443\"; ma=2592000,h3-T051=\":443\"; ma=2592000,h3-T050=\":443\"; ma=2592000,h3-Q046=\":443\"; ma=2592000,h3-Q043=\":443\"; ma=2592000,quic=\":443\"; ma=2592000; v=\"46,43\"","accept-ranges":"none","transfer-encoding":"chunked"}
[debug] [2020-10-26T01:04:02.531Z] <<< HTTP RESPONSE 200 {"content-type":"application/json; charset=UTF-8","vary":"X-Origin, Referer, Origin,Accept-Encoding","date":"Mon, 26 Oct 2020 01:04:02 GMT","server":"ESF","cache-control":"private","x-xss-protection":"0","x-frame-options":"SAMEORIGIN","x-content-type-options":"nosniff","alt-svc":"h3-Q050=\":443\"; ma=2592000,h3-29=\":443\"; ma=2592000,h3-T051=\":443\"; ma=2592000,h3-T050=\":443\"; ma=2592000,h3-Q046=\":443\"; ma=2592000,h3-Q043=\":443\"; ma=2592000,quic=\":443\"; ma=2592000; v=\"46,43\"","accept-ranges":"none","transfer-encoding":"chunked"}
